c:\repo\rtptools\rtptools-1.21\debug\vc140.pdb
c:\repo\rtptools\rtptools-1.21\debug\vc140.idb
c:\repo\rtptools\rtptools-1.21\debug\host2ip.obj
c:\repo\rtptools\rtptools-1.21\debug\hpt.obj
c:\repo\rtptools\rtptools-1.21\debug\getopt.obj
c:\repo\rtptools\rtptools-1.21\debug\gettimeofday.obj
c:\repo\rtptools\rtptools-1.21\debug\utilnt.obj
c:\repo\rtptools\rtptools-1.21\debug\yplib.obj
c:\repo\rtptools\rtptools-1.21\debug\rd.obj
c:\repo\rtptools\rtptools-1.21\debug\rtpdump.obj
c:\repo\rtptools\rtptools-1.21\debug\rtpdump.ilk
c:\repo\rtptools\rtptools-1.21\debug\rtpdump.exe
c:\repo\rtptools\rtptools-1.21\debug\rtpdump.pdb
c:\repo\rtptools\rtptools-1.21\debug\hsearch.obj
c:\repo\rtptools\rtptools-1.21\debug\multimer.obj
c:\repo\rtptools\rtptools-1.21\debug\notify.obj
c:\repo\rtptools\rtptools-1.21\debug\rtpplay.obj
c:\repo\rtptools\rtptools-1.21\debug\rtpplay.ilk
c:\repo\rtptools\rtptools-1.21\debug\rtpplay.pdb
c:\repo\rtptools\rtptools-1.21\.\debug\rtpdump.exe
c:\repo\rtptools\rtptools-1.21\debug\rtpdump.tlog\cl.command.1.tlog
c:\repo\rtptools\rtptools-1.21\debug\rtpdump.tlog\cl.read.1.tlog
c:\repo\rtptools\rtptools-1.21\debug\rtpdump.tlog\cl.write.1.tlog
c:\repo\rtptools\rtptools-1.21\debug\rtpdump.tlog\link.command.1.tlog
c:\repo\rtptools\rtptools-1.21\debug\rtpdump.tlog\link.read.1.tlog
c:\repo\rtptools\rtptools-1.21\debug\rtpdump.tlog\link.write.1.tlog
